time="2023-04-12T10:16:30+08:00" level=debug msg=Time_Service func=cicc/ntp/logs.WithFields file="/root/goProject/src/cicc/ntp/logs/log.go:29" metrics="Time_Service:" sample=systemd-timesyncd
time="2023-04-12T10:16:30+08:00" level=debug msg=Time_Service func=cicc/ntp/logs.WithFields file="/root/goProject/src/cicc/ntp/logs/log.go:29" metrics="Time_Service:" sample=systemd-timesyncd
time="2023-04-12T10:16:35+08:00" level=debug msg=Time_Service func=cicc/ntp/logs.WithFields file="/root/goProject/src/cicc/ntp/logs/log.go:29" metrics="Time_Service:" sample=systemd-timesyncd
time="2023-04-12T10:16:50+08:00" level=debug msg=Time_Service func=cicc/ntp/logs.WithFields file="/root/goProject/src/cicc/ntp/logs/log.go:29" metrics="Time_Service:" sample=systemd-timesyncd
time="2023-04-12T10:17:26+08:00" level=error msg="Time_Service err" func=cicc/ntp/logs.WithFields file="/root/goProject/src/cicc/ntp/logs/log.go:29" metrics="Time_Service:" sample=systemd-timesyncd
time="2023-04-12T10:17:35+08:00" level=error msg="Time_Service err" func=cicc/ntp/logs.WithFields file="/root/goProject/src/cicc/ntp/logs/log.go:29" metrics="Time_Service:" sample=systemd-timesyncd
time="2023-04-12T10:17:50+08:00" level=error msg="Time_Service err" func=cicc/ntp/logs.WithFields file="/root/goProject/src/cicc/ntp/logs/log.go:29" metrics="Time_Service:" sample=systemd-timesyncd
time="2023-04-12T10:18:04+08:00" level=error msg="Time_Service err" func=cicc/ntp/logs.WithFields file="/root/goProject/src/cicc/ntp/logs/log.go:29" metrics=Time_Service sample="exit status 1"
time="2023-04-12T10:18:05+08:00" level=error msg="Time_Service err" func=cicc/ntp/logs.WithFields file="/root/goProject/src/cicc/ntp/logs/log.go:29" metrics=Time_Service sample="exit status 1"
time="2023-04-12T10:18:20+08:00" level=error msg="Time_Service err" func=cicc/ntp/logs.WithFields file="/root/goProject/src/cicc/ntp/logs/log.go:29" metrics=Time_Service sample="exit status 1"
time="2023-04-12T10:18:28+08:00" level=error msg="Time_Service err" func=cicc/ntp/logs.WithFields file="/root/goProject/src/cicc/ntp/logs/log.go:29" metrics=systemd-timesyncd sample="exit status 1"
time="2023-04-12T10:18:35+08:00" level=error msg="Time_Service err" func=cicc/ntp/logs.WithFields file="/root/goProject/src/cicc/ntp/logs/log.go:29" metrics=systemd-timesyncd sample="exit status 1"
time="2023-04-12T14:33:32+08:00" level=error msg="Time_Service err" func=cicc/ntp/logs.WithFields file="/root/goProject/src/cicc/ntp/logs/log.go:28" metrics=systemd-timesyncd sample="exit status 1"
time="2023-04-12T14:33:32+08:00" level=error msg="Time_Service err" func=cicc/ntp/logs.WithFields file="/root/goProject/src/cicc/ntp/logs/log.go:28" metrics=systemd-timesyncd sample="exit status 1"
time="2023-04-12T14:33:32+08:00" level=error msg="Time_Service err" func=cicc/ntp/logs.WithFields file="/root/goProject/src/cicc/ntp/logs/log.go:28" metrics=systemd-timesyncd sample="exit status 1"
time="2023-04-12T14:33:33+08:00" level=error msg="Time_Service err" func=cicc/ntp/logs.WithFields file="/root/goProject/src/cicc/ntp/logs/log.go:28" metrics=systemd-timesyncd sample="exit status 1"
time="2023-04-12T14:33:35+08:00" level=error msg="Time_Service err" func=cicc/ntp/logs.WithFields file="/root/goProject/src/cicc/ntp/logs/log.go:28" metrics=systemd-timesyncd sample="exit status 1"
time="2023-04-12T15:53:41+08:00" level=error msg="Time_Service err" func=cicc/ntp/logs.WithFields file="/root/goProject/src/cicc/ntp/logs/log.go:28" metrics="重命名文件告警" sample=/etc/systemd/timesyncd.conf
time="2023-04-12T15:53:41+08:00" level=error msg="Time_Service err" func=cicc/ntp/logs.WithFields file="/root/goProject/src/cicc/ntp/logs/log.go:28" metrics="修改文件权限告警" sample=/etc/systemd/timesyncd.conf
time="2023-04-12T15:53:41+08:00" level=error msg="Time_Service err" func=cicc/ntp/logs.WithFields file="/root/goProject/src/cicc/ntp/logs/log.go:28" metrics="删除文件告警" sample=/etc/systemd/timesyncd.conf
time="2023-04-12T15:54:09+08:00" level=error msg="Time_Service err" func=cicc/ntp/logs.WithFields file="/root/goProject/src/cicc/ntp/logs/log.go:28" metrics=systemd-timesyncd sample="exit status 1"
time="2023-04-12T15:54:11+08:00" level=error msg="Time_Service err" func=cicc/ntp/logs.WithFields file="/root/goProject/src/cicc/ntp/logs/log.go:28" metrics=systemd-timesyncd sample="exit status 1"
time="2023-04-12T15:54:11+08:00" level=error msg="Time_Service err" func=cicc/ntp/logs.WithFields file="/root/goProject/src/cicc/ntp/logs/log.go:28" metrics=systemd-timesyncd sample="exit status 1"
time="2023-04-12T15:54:18+08:00" level=error msg="Time_Service err" func=cicc/ntp/logs.WithFields file="/root/goProject/src/cicc/ntp/logs/log.go:28" metrics=systemd-timesyncd sample="exit status 1"
time="2023-04-12T15:54:33+08:00" level=error msg="Time_Service err" func=cicc/ntp/logs.WithFields file="/root/goProject/src/cicc/ntp/logs/log.go:28" metrics=systemd-timesyncd sample="exit status 1"
time="2023-04-12T15:54:48+08:00" level=error msg="Time_Service err" func=cicc/ntp/logs.WithFields file="/root/goProject/src/cicc/ntp/logs/log.go:28" metrics=systemd-timesyncd sample="exit status 1"
time="2023-04-12T15:55:03+08:00" level=error msg="Time_Service err" func=cicc/ntp/logs.WithFields file="/root/goProject/src/cicc/ntp/logs/log.go:28" metrics=systemd-timesyncd sample="exit status 1"
time="2023-04-12T15:55:18+08:00" level=error msg="Time_Service err" func=cicc/ntp/logs.WithFields file="/root/goProject/src/cicc/ntp/logs/log.go:28" metrics=systemd-timesyncd sample="exit status 1"
time="2023-04-12T15:55:33+08:00" level=error msg="Time_Service err" func=cicc/ntp/logs.WithFields file="/root/goProject/src/cicc/ntp/logs/log.go:28" metrics=systemd-timesyncd sample="exit status 1"
time="2023-04-12T15:55:48+08:00" level=error msg="Time_Service err" func=cicc/ntp/logs.WithFields file="/root/goProject/src/cicc/ntp/logs/log.go:28" metrics=systemd-timesyncd sample="exit status 1"
time="2023-04-12T15:56:03+08:00" level=error msg="Time_Service err" func=cicc/ntp/logs.WithFields file="/root/goProject/src/cicc/ntp/logs/log.go:28" metrics=systemd-timesyncd sample="exit status 1"
time="2023-04-12T15:56:18+08:00" level=error msg="Time_Service err" func=cicc/ntp/logs.WithFields file="/root/goProject/src/cicc/ntp/logs/log.go:28" metrics=systemd-timesyncd sample="exit status 1"
time="2023-04-12T15:56:33+08:00" level=error msg="Time_Service err" func=cicc/ntp/logs.WithFields file="/root/goProject/src/cicc/ntp/logs/log.go:28" metrics=systemd-timesyncd sample="exit status 1"
time="2023-04-12T15:56:48+08:00" level=error msg="Time_Service err" func=cicc/ntp/logs.WithFields file="/root/goProject/src/cicc/ntp/logs/log.go:28" metrics=systemd-timesyncd sample="exit status 1"
time="2023-04-12T15:57:03+08:00" level=error msg="Time_Service err" func=cicc/ntp/logs.WithFields file="/root/goProject/src/cicc/ntp/logs/log.go:28" metrics=systemd-timesyncd sample="exit status 1"
time="2023-04-12T15:57:05+08:00" level=error msg="Time_Service err" func=cicc/ntp/logs.WithFields file="/root/goProject/src/cicc/ntp/logs/log.go:28" metrics=systemd-timesyncd sample="exit status 1"
time="2023-04-12T15:57:18+08:00" level=error msg="Time_Service err" func=cicc/ntp/logs.WithFields file="/root/goProject/src/cicc/ntp/logs/log.go:28" metrics=systemd-timesyncd sample="exit status 1"
time="2023-04-12T15:57:33+08:00" level=error msg="Time_Service err" func=cicc/ntp/logs.WithFields file="/root/goProject/src/cicc/ntp/logs/log.go:28" metrics=systemd-timesyncd sample="exit status 1"
time="2023-04-12T15:57:48+08:00" level=error msg="Time_Service err" func=cicc/ntp/logs.WithFields file="/root/goProject/src/cicc/ntp/logs/log.go:28" metrics=systemd-timesyncd sample="exit status 1"
time="2023-04-12T15:58:03+08:00" level=error msg="Time_Service err" func=cicc/ntp/logs.WithFields file="/root/goProject/src/cicc/ntp/logs/log.go:28" metrics=systemd-timesyncd sample="exit status 1"
time="2023-04-12T15:58:18+08:00" level=error msg="Time_Service err" func=cicc/ntp/logs.WithFields file="/root/goProject/src/cicc/ntp/logs/log.go:28" metrics=systemd-timesyncd sample="exit status 1"
time="2023-04-12T15:58:33+08:00" level=error msg="Time_Service err" func=cicc/ntp/logs.WithFields file="/root/goProject/src/cicc/ntp/logs/log.go:28" metrics=systemd-timesyncd sample="exit status 1"
time="2023-04-12T15:58:48+08:00" level=error msg="Time_Service err" func=cicc/ntp/logs.WithFields file="/root/goProject/src/cicc/ntp/logs/log.go:28" metrics=systemd-timesyncd sample="exit status 1"
time="2023-04-12T15:59:03+08:00" level=error msg="Time_Service err" func=cicc/ntp/logs.WithFields file="/root/goProject/src/cicc/ntp/logs/log.go:28" metrics=systemd-timesyncd sample="exit status 1"
time="2023-04-12T15:59:18+08:00" level=error msg="Time_Service err" func=cicc/ntp/logs.WithFields file="/root/goProject/src/cicc/ntp/logs/log.go:28" metrics=systemd-timesyncd sample="exit status 1"
time="2023-04-12T15:59:33+08:00" level=error msg="Time_Service err" func=cicc/ntp/logs.WithFields file="/root/goProject/src/cicc/ntp/logs/log.go:28" metrics=systemd-timesyncd sample="exit status 1"
time="2023-04-12T15:59:48+08:00" level=error msg="Time_Service err" func=cicc/ntp/logs.WithFields file="/root/goProject/src/cicc/ntp/logs/log.go:28" metrics=systemd-timesyncd sample="exit status 1"
time="2023-04-12T16:00:03+08:00" level=error msg="Time_Service err" func=cicc/ntp/logs.WithFields file="/root/goProject/src/cicc/ntp/logs/log.go:28" metrics=systemd-timesyncd sample="exit status 1"
time="2023-04-12T16:00:18+08:00" level=error msg="Time_Service err" func=cicc/ntp/logs.WithFields file="/root/goProject/src/cicc/ntp/logs/log.go:28" metrics=systemd-timesyncd sample="exit status 1"
time="2023-04-12T16:00:33+08:00" level=error msg="Time_Service err" func=cicc/ntp/logs.WithFields file="/root/goProject/src/cicc/ntp/logs/log.go:28" metrics=systemd-timesyncd sample="exit status 1"
time="2023-04-12T16:00:48+08:00" level=error msg="Time_Service err" func=cicc/ntp/logs.WithFields file="/root/goProject/src/cicc/ntp/logs/log.go:28" metrics=systemd-timesyncd sample="exit status 1"
time="2023-04-12T16:01:03+08:00" level=error msg="Time_Service err" func=cicc/ntp/logs.WithFields file="/root/goProject/src/cicc/ntp/logs/log.go:28" metrics=systemd-timesyncd sample="exit status 1"
time="2023-04-12T16:01:18+08:00" level=error msg="Time_Service err" func=cicc/ntp/logs.WithFields file="/root/goProject/src/cicc/ntp/logs/log.go:28" metrics=systemd-timesyncd sample="exit status 1"
time="2023-04-12T16:01:33+08:00" level=error msg="Time_Service err" func=cicc/ntp/logs.WithFields file="/root/goProject/src/cicc/ntp/logs/log.go:28" metrics=systemd-timesyncd sample="exit status 1"
time="2023-04-12T16:01:48+08:00" level=error msg="Time_Service err" func=cicc/ntp/logs.WithFields file="/root/goProject/src/cicc/ntp/logs/log.go:28" metrics=systemd-timesyncd sample="exit status 1"
time="2023-04-12T16:02:03+08:00" level=error msg="Time_Service err" func=cicc/ntp/logs.WithFields file="/root/goProject/src/cicc/ntp/logs/log.go:28" metrics=systemd-timesyncd sample="exit status 1"
time="2023-04-12T16:02:18+08:00" level=error msg="Time_Service err" func=cicc/ntp/logs.WithFields file="/root/goProject/src/cicc/ntp/logs/log.go:28" metrics=systemd-timesyncd sample="exit status 1"
time="2023-04-12T16:02:33+08:00" level=error msg="Time_Service err" func=cicc/ntp/logs.WithFields file="/root/goProject/src/cicc/ntp/logs/log.go:28" metrics=systemd-timesyncd sample="exit status 1"
time="2023-04-12T16:02:48+08:00" level=error msg="Time_Service err" func=cicc/ntp/logs.WithFields file="/root/goProject/src/cicc/ntp/logs/log.go:28" metrics=systemd-timesyncd sample="exit status 1"
time="2023-04-12T16:03:03+08:00" level=error msg="Time_Service err" func=cicc/ntp/logs.WithFields file="/root/goProject/src/cicc/ntp/logs/log.go:28" metrics=systemd-timesyncd sample="exit status 1"
time="2023-04-12T16:03:18+08:00" level=error msg="Time_Service err" func=cicc/ntp/logs.WithFields file="/root/goProject/src/cicc/ntp/logs/log.go:28" metrics=systemd-timesyncd sample="exit status 1"
time="2023-04-12T16:03:33+08:00" level=error msg="Time_Service err" func=cicc/ntp/logs.WithFields file="/root/goProject/src/cicc/ntp/logs/log.go:28" metrics=systemd-timesyncd sample="exit status 1"
time="2023-04-12T16:03:48+08:00" level=error msg="Time_Service err" func=cicc/ntp/logs.WithFields file="/root/goProject/src/cicc/ntp/logs/log.go:28" metrics=systemd-timesyncd sample="exit status 1"
time="2023-04-12T16:04:03+08:00" level=error msg="Time_Service err" func=cicc/ntp/logs.WithFields file="/root/goProject/src/cicc/ntp/logs/log.go:28" metrics=systemd-timesyncd sample="exit status 1"
time="2023-04-12T16:04:18+08:00" level=error msg="Time_Service err" func=cicc/ntp/logs.WithFields file="/root/goProject/src/cicc/ntp/logs/log.go:28" metrics=systemd-timesyncd sample="exit status 1"
time="2023-04-12T16:04:33+08:00" level=error msg="Time_Service err" func=cicc/ntp/logs.WithFields file="/root/goProject/src/cicc/ntp/logs/log.go:28" metrics=systemd-timesyncd sample="exit status 1"
time="2023-04-12T16:04:48+08:00" level=error msg="Time_Service err" func=cicc/ntp/logs.WithFields file="/root/goProject/src/cicc/ntp/logs/log.go:28" metrics=systemd-timesyncd sample="exit status 1"
time="2023-04-12T16:08:33+08:00" level=error msg="Time_Service err" func=cicc/ntp/logs.WithFields file="/root/goProject/src/cicc/ntp/logs/log.go:29" metrics="重命名文件告警" sample=/etc/systemd/timesyncd.conf
time="2023-04-12T16:08:33+08:00" level=error msg="Time_Service err" func=cicc/ntp/logs.WithFields file="/root/goProject/src/cicc/ntp/logs/log.go:29" metrics="修改文件权限告警" sample=/etc/systemd/timesyncd.conf
time="2023-04-12T16:08:33+08:00" level=error msg="Time_Service err" func=cicc/ntp/logs.WithFields file="/root/goProject/src/cicc/ntp/logs/log.go:29" metrics="删除文件告警" sample=/etc/systemd/timesyncd.conf
time="2023-04-12T16:12:25+08:00" level=error msg="Time_Service err" func=cicc/ntp/logs.WithFields file="/root/goProject/src/cicc/ntp/logs/log.go:29" metrics="重命名文件告警" sample=/etc/systemd/timesyncd.conf
time="2023-04-12T16:12:25+08:00" level=error msg="Time_Service err" func=cicc/ntp/logs.WithFields file="/root/goProject/src/cicc/ntp/logs/log.go:29" metrics="修改文件权限告警" sample=/etc/systemd/timesyncd.conf
time="2023-04-12T16:12:25+08:00" level=error msg="Time_Service err" func=cicc/ntp/logs.WithFields file="/root/goProject/src/cicc/ntp/logs/log.go:29" metrics="删除文件告警" sample=/etc/systemd/timesyncd.conf
time="2023-04-12T16:16:08+08:00" level=error msg="Time_Service err" func=cicc/ntp/logs.WithFields file="/root/goProject/src/cicc/ntp/logs/log.go:29" metrics="重命名文件告警" sample=/etc/systemd/timesyncd.conf
time="2023-04-12T16:16:08+08:00" level=error msg="Time_Service err" func=cicc/ntp/logs.WithFields file="/root/goProject/src/cicc/ntp/logs/log.go:29" metrics="修改文件权限告警" sample=/etc/systemd/timesyncd.conf
time="2023-04-12T16:16:08+08:00" level=error msg="Time_Service err" func=cicc/ntp/logs.WithFields file="/root/goProject/src/cicc/ntp/logs/log.go:29" metrics="删除文件告警" sample=/etc/systemd/timesyncd.conf
time="2023-04-12T16:16:33+08:00" level=error msg="Time_Service err" func=cicc/ntp/logs.WithFields file="/root/goProject/src/cicc/ntp/logs/log.go:29" metrics=systemd-timesyncd sample="exit status 1"
time="2023-04-12T16:16:40+08:00" level=error msg="Time_Service err" func=cicc/ntp/logs.WithFields file="/root/goProject/src/cicc/ntp/logs/log.go:29" metrics=systemd-timesyncd sample="exit status 1"
time="2023-04-12T16:16:40+08:00" level=error msg="Time_Service err" func=cicc/ntp/logs.WithFields file="/root/goProject/src/cicc/ntp/logs/log.go:29" metrics=systemd-timesyncd sample="exit status 1"
time="2023-04-12T16:16:40+08:00" level=error msg="Time_Service err" func=cicc/ntp/logs.WithFields file="/root/goProject/src/cicc/ntp/logs/log.go:29" metrics=systemd-timesyncd sample="exit status 1"
time="2023-04-12T16:16:40+08:00" level=error msg="Time_Service err" func=cicc/ntp/logs.WithFields file="/root/goProject/src/cicc/ntp/logs/log.go:29" metrics=systemd-timesyncd sample="exit status 1"
time="2023-04-12T16:16:41+08:00" level=error msg="Time_Service err" func=cicc/ntp/logs.WithFields file="/root/goProject/src/cicc/ntp/logs/log.go:29" metrics=systemd-timesyncd sample="exit status 1"
time="2023-04-12T16:16:41+08:00" level=error msg="Time_Service err" func=cicc/ntp/logs.WithFields file="/root/goProject/src/cicc/ntp/logs/log.go:29" metrics=systemd-timesyncd sample="exit status 1"
time="2023-04-12T16:16:41+08:00" level=error msg="Time_Service err" func=cicc/ntp/logs.WithFields file="/root/goProject/src/cicc/ntp/logs/log.go:29" metrics=systemd-timesyncd sample="exit status 1"
time="2023-04-12T16:16:41+08:00" level=error msg="Time_Service err" func=cicc/ntp/logs.WithFields file="/root/goProject/src/cicc/ntp/logs/log.go:29" metrics=systemd-timesyncd sample="exit status 1"
time="2023-04-12T16:16:48+08:00" level=error msg="Time_Service err" func=cicc/ntp/logs.WithFields file="/root/goProject/src/cicc/ntp/logs/log.go:29" metrics=systemd-timesyncd sample="exit status 1"
time="2023-04-12T16:17:03+08:00" level=error msg="Time_Service err" func=cicc/ntp/logs.WithFields file="/root/goProject/src/cicc/ntp/logs/log.go:29" metrics=systemd-timesyncd sample="exit status 1"
time="2023-04-12T16:17:18+08:00" level=error msg="Time_Service err" func=cicc/ntp/logs.WithFields file="/root/goProject/src/cicc/ntp/logs/log.go:29" metrics=systemd-timesyncd sample="exit status 1"
time="2023-04-12T16:17:24+08:00" level=error msg="Time_Service err" func=cicc/ntp/logs.WithFields file="/root/goProject/src/cicc/ntp/logs/log.go:29" metrics=systemd-timesyncd sample="exit status 1"
time="2023-04-12T16:17:33+08:00" level=error msg="Time_Service err" func=cicc/ntp/logs.WithFields file="/root/goProject/src/cicc/ntp/logs/log.go:29" metrics=systemd-timesyncd sample="exit status 1"
time="2023-04-12T16:17:48+08:00" level=error msg="Time_Service err" func=cicc/ntp/logs.WithFields file="/root/goProject/src/cicc/ntp/logs/log.go:29" metrics=systemd-timesyncd sample="exit status 1"
time="2023-04-12T16:18:03+08:00" level=error msg="Time_Service err" func=cicc/ntp/logs.WithFields file="/root/goProject/src/cicc/ntp/logs/log.go:29" metrics=systemd-timesyncd sample="exit status 1"
time="2023-04-12T16:18:18+08:00" level=error msg="Time_Service err" func=cicc/ntp/logs.WithFields file="/root/goProject/src/cicc/ntp/logs/log.go:29" metrics=systemd-timesyncd sample="exit status 1"
time="2023-04-12T16:18:33+08:00" level=error msg="Time_Service err" func=cicc/ntp/logs.WithFields file="/root/goProject/src/cicc/ntp/logs/log.go:29" metrics=systemd-timesyncd sample="exit status 1"
time="2023-04-12T16:18:48+08:00" level=error msg="Time_Service err" func=cicc/ntp/logs.WithFields file="/root/goProject/src/cicc/ntp/logs/log.go:29" metrics=systemd-timesyncd sample="exit status 1"
time="2023-04-12T16:19:03+08:00" level=error msg="Time_Service err" func=cicc/ntp/logs.WithFields file="/root/goProject/src/cicc/ntp/logs/log.go:29" metrics=systemd-timesyncd sample="exit status 1"
time="2023-04-12T16:19:18+08:00" level=error msg="Time_Service err" func=cicc/ntp/logs.WithFields file="/root/goProject/src/cicc/ntp/logs/log.go:29" metrics=systemd-timesyncd sample="exit status 1"
time="2023-04-12T16:19:20+08:00" level=error msg="Time_Service err" func=cicc/ntp/logs.WithFields file="/root/goProject/src/cicc/ntp/logs/log.go:29" metrics=systemd-timesyncd sample="exit status 1"
time="2023-04-12T16:19:21+08:00" level=error msg="Time_Service err" func=cicc/ntp/logs.WithFields file="/root/goProject/src/cicc/ntp/logs/log.go:29" metrics=systemd-timesyncd sample="exit status 1"
time="2023-04-12T16:25:12+08:00" level=error msg="Time_Service err" func=cicc/ntp/logs.WithFields file="/root/goProject/src/cicc/ntp/logs/log.go:29" metrics="写入文件告警" sample=/tmp/foo
time="2023-04-12T16:25:12+08:00" level=error msg="Time_Service err" func=cicc/ntp/logs.WithFields file="/root/goProject/src/cicc/ntp/logs/log.go:29" metrics="修改文件权限告警" sample=/tmp/foo
time="2023-04-12T16:26:42+08:00" level=error msg="Time_Service err" func=cicc/ntp/logs.WithFields file="/root/goProject/src/cicc/ntp/logs/log.go:29" metrics="写入文件告警" sample=/tmp/foo
time="2023-04-12T16:26:42+08:00" level=error msg="Time_Service err" func=cicc/ntp/logs.WithFields file="/root/goProject/src/cicc/ntp/logs/log.go:29" metrics="修改文件权限告警" sample=/tmp/foo
time="2023-04-12T16:27:32+08:00" level=error msg="Time_Service err" func=cicc/ntp/logs.WithFields file="/root/goProject/src/cicc/ntp/logs/log.go:29" metrics="写入文件告警" sample=/tmp/foo
time="2023-04-12T16:27:32+08:00" level=error msg="Time_Service err" func=cicc/ntp/logs.WithFields file="/root/goProject/src/cicc/ntp/logs/log.go:29" metrics="修改文件权限告警" sample=/tmp/foo
time="2023-04-12T16:29:52+08:00" level=error msg="Time_Service err" func=cicc/ntp/logs.WithFields file="/root/goProject/src/cicc/ntp/logs/log.go:29" metrics="写入文件告警" sample=/tmp/foo
time="2023-04-12T16:29:52+08:00" level=error msg="Time_Service err" func=cicc/ntp/logs.WithFields file="/root/goProject/src/cicc/ntp/logs/log.go:29" metrics="修改文件权限告警" sample=/tmp/foo
time="2023-04-12T16:38:42+08:00" level=error msg="Time_Service err" func=cicc/ntp/logs.WithFields file="/root/goProject/src/cicc/ntp/logs/log.go:29" metrics="file %s 重命名文件告警\n" sample=/etc/systemd/timesyncd.conf
time="2023-04-12T16:38:42+08:00" level=error msg="Time_Service err" func=cicc/ntp/logs.WithFields file="/root/goProject/src/cicc/ntp/logs/log.go:29" metrics="file %s 修改文件权限告警\n" sample=/etc/systemd/timesyncd.conf
time="2023-04-12T16:38:42+08:00" level=error msg="Time_Service err" func=cicc/ntp/logs.WithFields file="/root/goProject/src/cicc/ntp/logs/log.go:29" metrics="file %s 删除文件告警\n" sample=/etc/systemd/timesyncd.conf
time="2023-04-12T16:39:14+08:00" level=error msg="Time_Service err" func=cicc/ntp/logs.WithFields file="/root/goProject/src/cicc/ntp/logs/log.go:29" metrics="重命名文件告警\n" sample=/etc/systemd/timesyncd.conf
time="2023-04-12T16:39:14+08:00" level=error msg="Time_Service err" func=cicc/ntp/logs.WithFields file="/root/goProject/src/cicc/ntp/logs/log.go:29" metrics="修改文件权限告警\n" sample=/etc/systemd/timesyncd.conf
time="2023-04-12T16:39:14+08:00" level=error msg="Time_Service err" func=cicc/ntp/logs.WithFields file="/root/goProject/src/cicc/ntp/logs/log.go:29" metrics="删除文件告警\n" sample=/etc/systemd/timesyncd.conf
time="2023-04-12T17:37:03+08:00" level=error msg="Time_Service err" func=cicc/ntp/logs.WithFields file="/root/goProject/src/cicc/ntp/logs/log.go:29" metrics=systemd-timesyncd sample="exit status 1"
time="2023-04-12T17:37:18+08:00" level=error msg="Time_Service err" func=cicc/ntp/logs.WithFields file="/root/goProject/src/cicc/ntp/logs/log.go:29" metrics=systemd-timesyncd sample="exit status 1"
time="2023-04-12T17:37:33+08:00" level=error msg="Time_Service err" func=cicc/ntp/logs.WithFields file="/root/goProject/src/cicc/ntp/logs/log.go:29" metrics=systemd-timesyncd sample="exit status 1"
time="2023-04-12T17:37:34+08:00" level=error msg="Time_Service err" func=cicc/ntp/logs.WithFields file="/root/goProject/src/cicc/ntp/logs/log.go:29" metrics="写入文件告警\n" sample=/etc/systemd/timesyncd.conf
time="2023-04-12T17:37:48+08:00" level=error msg="Time_Service err" func=cicc/ntp/logs.WithFields file="/root/goProject/src/cicc/ntp/logs/log.go:29" metrics=systemd-timesyncd sample="exit status 1"
time="2023-04-12T17:38:03+08:00" level=error msg="Time_Service err" func=cicc/ntp/logs.WithFields file="/root/goProject/src/cicc/ntp/logs/log.go:29" metrics=systemd-timesyncd sample="exit status 1"
time="2023-04-12T17:38:18+08:00" level=error msg="Time_Service err" func=cicc/ntp/logs.WithFields file="/root/goProject/src/cicc/ntp/logs/log.go:29" metrics=systemd-timesyncd sample="exit status 1"
time="2023-04-12T17:38:33+08:00" level=error msg="Time_Service err" func=cicc/ntp/logs.WithFields file="/root/goProject/src/cicc/ntp/logs/log.go:29" metrics=systemd-timesyncd sample="exit status 1"
time="2023-04-12T17:38:48+08:00" level=error msg="Time_Service err" func=cicc/ntp/logs.WithFields file="/root/goProject/src/cicc/ntp/logs/log.go:29" metrics=systemd-timesyncd sample="exit status 1"
time="2023-04-12T17:39:03+08:00" level=error msg="Time_Service err" func=cicc/ntp/logs.WithFields file="/root/goProject/src/cicc/ntp/logs/log.go:29" metrics=systemd-timesyncd sample="exit status 1"
time="2023-04-12T17:39:18+08:00" level=error msg="Time_Service err" func=cicc/ntp/logs.WithFields file="/root/goProject/src/cicc/ntp/logs/log.go:29" metrics=systemd-timesyncd sample="exit status 1"
time="2023-04-12T17:39:33+08:00" level=error msg="Time_Service err" func=cicc/ntp/logs.WithFields file="/root/goProject/src/cicc/ntp/logs/log.go:29" metrics=systemd-timesyncd sample="exit status 1"
time="2023-04-12T17:39:48+08:00" level=error msg="Time_Service err" func=cicc/ntp/logs.WithFields file="/root/goProject/src/cicc/ntp/logs/log.go:29" metrics=systemd-timesyncd sample="exit status 1"
time="2023-04-12T17:40:03+08:00" level=error msg="Time_Service err" func=cicc/ntp/logs.WithFields file="/root/goProject/src/cicc/ntp/logs/log.go:29" metrics=systemd-timesyncd sample="exit status 1"
time="2023-04-12T17:40:18+08:00" level=error msg="Time_Service err" func=cicc/ntp/logs.WithFields file="/root/goProject/src/cicc/ntp/logs/log.go:29" metrics=systemd-timesyncd sample="exit status 1"
time="2023-04-12T17:40:33+08:00" level=error msg="Time_Service err" func=cicc/ntp/logs.WithFields file="/root/goProject/src/cicc/ntp/logs/log.go:29" metrics=systemd-timesyncd sample="exit status 1"
time="2023-04-12T17:40:48+08:00" level=error msg="Time_Service err" func=cicc/ntp/logs.WithFields file="/root/goProject/src/cicc/ntp/logs/log.go:29" metrics=systemd-timesyncd sample="exit status 1"
time="2023-04-12T17:41:03+08:00" level=error msg="Time_Service err" func=cicc/ntp/logs.WithFields file="/root/goProject/src/cicc/ntp/logs/log.go:29" metrics=systemd-timesyncd sample="exit status 1"
time="2023-04-12T17:41:18+08:00" level=error msg="Time_Service err" func=cicc/ntp/logs.WithFields file="/root/goProject/src/cicc/ntp/logs/log.go:29" metrics=systemd-timesyncd sample="exit status 1"
time="2023-04-12T17:41:33+08:00" level=error msg="Time_Service err" func=cicc/ntp/logs.WithFields file="/root/goProject/src/cicc/ntp/logs/log.go:29" metrics=systemd-timesyncd sample="exit status 1"
time="2023-04-12T17:41:48+08:00" level=error msg="Time_Service err" func=cicc/ntp/logs.WithFields file="/root/goProject/src/cicc/ntp/logs/log.go:29" metrics=systemd-timesyncd sample="exit status 1"
