time="2023-04-12T10:16:30+08:00" level=debug msg=Time_Service func=cicc/ntp/logs.WithFields file="/root/goProject/src/cicc/ntp/logs/log.go:29" metrics="Time_Service:" sample=systemd-timesyncd
time="2023-04-12T10:16:30+08:00" level=debug msg=Time_Service func=cicc/ntp/logs.WithFields file="/root/goProject/src/cicc/ntp/logs/log.go:29" metrics="Time_Service:" sample=systemd-timesyncd
time="2023-04-12T10:16:35+08:00" level=debug msg=Time_Service func=cicc/ntp/logs.WithFields file="/root/goProject/src/cicc/ntp/logs/log.go:29" metrics="Time_Service:" sample=systemd-timesyncd
time="2023-04-12T10:16:50+08:00" level=debug msg=Time_Service func=cicc/ntp/logs.WithFields file="/root/goProject/src/cicc/ntp/logs/log.go:29" metrics="Time_Service:" sample=systemd-timesyncd
time="2023-04-12T10:17:26+08:00" level=error msg="Time_Service err" func=cicc/ntp/logs.WithFields file="/root/goProject/src/cicc/ntp/logs/log.go:29" metrics="Time_Service:" sample=systemd-timesyncd
time="2023-04-12T10:17:35+08:00" level=error msg="Time_Service err" func=cicc/ntp/logs.WithFields file="/root/goProject/src/cicc/ntp/logs/log.go:29" metrics="Time_Service:" sample=systemd-timesyncd
time="2023-04-12T10:17:50+08:00" level=error msg="Time_Service err" func=cicc/ntp/logs.WithFields file="/root/goProject/src/cicc/ntp/logs/log.go:29" metrics="Time_Service:" sample=systemd-timesyncd
time="2023-04-12T10:18:04+08:00" level=error msg="Time_Service err" func=cicc/ntp/logs.WithFields file="/root/goProject/src/cicc/ntp/logs/log.go:29" metrics=Time_Service sample="exit status 1"
time="2023-04-12T10:18:05+08:00" level=error msg="Time_Service err" func=cicc/ntp/logs.WithFields file="/root/goProject/src/cicc/ntp/logs/log.go:29" metrics=Time_Service sample="exit status 1"
time="2023-04-12T10:18:20+08:00" level=error msg="Time_Service err" func=cicc/ntp/logs.WithFields file="/root/goProject/src/cicc/ntp/logs/log.go:29" metrics=Time_Service sample="exit status 1"
time="2023-04-12T10:18:28+08:00" level=error msg="Time_Service err" func=cicc/ntp/logs.WithFields file="/root/goProject/src/cicc/ntp/logs/log.go:29" metrics=systemd-timesyncd sample="exit status 1"
time="2023-04-12T10:18:35+08:00" level=error msg="Time_Service err" func=cicc/ntp/logs.WithFields file="/root/goProject/src/cicc/ntp/logs/log.go:29" metrics=systemd-timesyncd sample="exit status 1"
time="2023-04-12T14:33:32+08:00" level=error msg="Time_Service err" func=cicc/ntp/logs.WithFields file="/root/goProject/src/cicc/ntp/logs/log.go:28" metrics=systemd-timesyncd sample="exit status 1"
time="2023-04-12T14:33:32+08:00" level=error msg="Time_Service err" func=cicc/ntp/logs.WithFields file="/root/goProject/src/cicc/ntp/logs/log.go:28" metrics=systemd-timesyncd sample="exit status 1"
time="2023-04-12T14:33:32+08:00" level=error msg="Time_Service err" func=cicc/ntp/logs.WithFields file="/root/goProject/src/cicc/ntp/logs/log.go:28" metrics=systemd-timesyncd sample="exit status 1"
time="2023-04-12T14:33:33+08:00" level=error msg="Time_Service err" func=cicc/ntp/logs.WithFields file="/root/goProject/src/cicc/ntp/logs/log.go:28" metrics=systemd-timesyncd sample="exit status 1"
time="2023-04-12T14:33:35+08:00" level=error msg="Time_Service err" func=cicc/ntp/logs.WithFields file="/root/goProject/src/cicc/ntp/logs/log.go:28" metrics=systemd-timesyncd sample="exit status 1"
time="2023-04-12T15:53:41+08:00" level=error msg="Time_Service err" func=cicc/ntp/logs.WithFields file="/root/goProject/src/cicc/ntp/logs/log.go:28" metrics="重命名文件告警" sample=/etc/systemd/timesyncd.conf
time="2023-04-12T15:53:41+08:00" level=error msg="Time_Service err" func=cicc/ntp/logs.WithFields file="/root/goProject/src/cicc/ntp/logs/log.go:28" metrics="修改文件权限告警" sample=/etc/systemd/timesyncd.conf
time="2023-04-12T15:53:41+08:00" level=error msg="Time_Service err" func=cicc/ntp/logs.WithFields file="/root/goProject/src/cicc/ntp/logs/log.go:28" metrics="删除文件告警" sample=/etc/systemd/timesyncd.conf
time="2023-04-12T15:54:09+08:00" level=error msg="Time_Service err" func=cicc/ntp/logs.WithFields file="/root/goProject/src/cicc/ntp/logs/log.go:28" metrics=systemd-timesyncd sample="exit status 1"
time="2023-04-12T15:54:11+08:00" level=error msg="Time_Service err" func=cicc/ntp/logs.WithFields file="/root/goProject/src/cicc/ntp/logs/log.go:28" metrics=systemd-timesyncd sample="exit status 1"
time="2023-04-12T15:54:11+08:00" level=error msg="Time_Service err" func=cicc/ntp/logs.WithFields file="/root/goProject/src/cicc/ntp/logs/log.go:28" metrics=systemd-timesyncd sample="exit status 1"
time="2023-04-12T15:54:18+08:00" level=error msg="Time_Service err" func=cicc/ntp/logs.WithFields file="/root/goProject/src/cicc/ntp/logs/log.go:28" metrics=systemd-timesyncd sample="exit status 1"
time="2023-04-12T15:54:33+08:00" level=error msg="Time_Service err" func=cicc/ntp/logs.WithFields file="/root/goProject/src/cicc/ntp/logs/log.go:28" metrics=systemd-timesyncd sample="exit status 1"
time="2023-04-12T15:54:48+08:00" level=error msg="Time_Service err" func=cicc/ntp/logs.WithFields file="/root/goProject/src/cicc/ntp/logs/log.go:28" metrics=systemd-timesyncd sample="exit status 1"
time="2023-04-12T15:55:03+08:00" level=error msg="Time_Service err" func=cicc/ntp/logs.WithFields file="/root/goProject/src/cicc/ntp/logs/log.go:28" metrics=systemd-timesyncd sample="exit status 1"
time="2023-04-12T15:55:18+08:00" level=error msg="Time_Service err" func=cicc/ntp/logs.WithFields file="/root/goProject/src/cicc/ntp/logs/log.go:28" metrics=systemd-timesyncd sample="exit status 1"
time="2023-04-12T15:55:33+08:00" level=error msg="Time_Service err" func=cicc/ntp/logs.WithFields file="/root/goProject/src/cicc/ntp/logs/log.go:28" metrics=systemd-timesyncd sample="exit status 1"
time="2023-04-12T15:55:48+08:00" level=error msg="Time_Service err" func=cicc/ntp/logs.WithFields file="/root/goProject/src/cicc/ntp/logs/log.go:28" metrics=systemd-timesyncd sample="exit status 1"
time="2023-04-12T15:56:03+08:00" level=error msg="Time_Service err" func=cicc/ntp/logs.WithFields file="/root/goProject/src/cicc/ntp/logs/log.go:28" metrics=systemd-timesyncd sample="exit status 1"
time="2023-04-12T15:56:18+08:00" level=error msg="Time_Service err" func=cicc/ntp/logs.WithFields file="/root/goProject/src/cicc/ntp/logs/log.go:28" metrics=systemd-timesyncd sample="exit status 1"
time="2023-04-12T15:56:33+08:00" level=error msg="Time_Service err" func=cicc/ntp/logs.WithFields file="/root/goProject/src/cicc/ntp/logs/log.go:28" metrics=systemd-timesyncd sample="exit status 1"
time="2023-04-12T15:56:48+08:00" level=error msg="Time_Service err" func=cicc/ntp/logs.WithFields file="/root/goProject/src/cicc/ntp/logs/log.go:28" metrics=systemd-timesyncd sample="exit status 1"
time="2023-04-12T15:57:03+08:00" level=error msg="Time_Service err" func=cicc/ntp/logs.WithFields file="/root/goProject/src/cicc/ntp/logs/log.go:28" metrics=systemd-timesyncd sample="exit status 1"
time="2023-04-12T15:57:05+08:00" level=error msg="Time_Service err" func=cicc/ntp/logs.WithFields file="/root/goProject/src/cicc/ntp/logs/log.go:28" metrics=systemd-timesyncd sample="exit status 1"
time="2023-04-12T15:57:18+08:00" level=error msg="Time_Service err" func=cicc/ntp/logs.WithFields file="/root/goProject/src/cicc/ntp/logs/log.go:28" metrics=systemd-timesyncd sample="exit status 1"
time="2023-04-12T15:57:33+08:00" level=error msg="Time_Service err" func=cicc/ntp/logs.WithFields file="/root/goProject/src/cicc/ntp/logs/log.go:28" metrics=systemd-timesyncd sample="exit status 1"
time="2023-04-12T15:57:48+08:00" level=error msg="Time_Service err" func=cicc/ntp/logs.WithFields file="/root/goProject/src/cicc/ntp/logs/log.go:28" metrics=systemd-timesyncd sample="exit status 1"
time="2023-04-12T15:58:03+08:00" level=error msg="Time_Service err" func=cicc/ntp/logs.WithFields file="/root/goProject/src/cicc/ntp/logs/log.go:28" metrics=systemd-timesyncd sample="exit status 1"
time="2023-04-12T15:58:18+08:00" level=error msg="Time_Service err" func=cicc/ntp/logs.WithFields file="/root/goProject/src/cicc/ntp/logs/log.go:28" metrics=systemd-timesyncd sample="exit status 1"
time="2023-04-12T15:58:33+08:00" level=error msg="Time_Service err" func=cicc/ntp/logs.WithFields file="/root/goProject/src/cicc/ntp/logs/log.go:28" metrics=systemd-timesyncd sample="exit status 1"
time="2023-04-12T15:58:48+08:00" level=error msg="Time_Service err" func=cicc/ntp/logs.WithFields file="/root/goProject/src/cicc/ntp/logs/log.go:28" metrics=systemd-timesyncd sample="exit status 1"
time="2023-04-12T15:59:03+08:00" level=error msg="Time_Service err" func=cicc/ntp/logs.WithFields file="/root/goProject/src/cicc/ntp/logs/log.go:28" metrics=systemd-timesyncd sample="exit status 1"
time="2023-04-12T15:59:18+08:00" level=error msg="Time_Service err" func=cicc/ntp/logs.WithFields file="/root/goProject/src/cicc/ntp/logs/log.go:28" metrics=systemd-timesyncd sample="exit status 1"
time="2023-04-12T15:59:33+08:00" level=error msg="Time_Service err" func=cicc/ntp/logs.WithFields file="/root/goProject/src/cicc/ntp/logs/log.go:28" metrics=systemd-timesyncd sample="exit status 1"
time="2023-04-12T15:59:48+08:00" level=error msg="Time_Service err" func=cicc/ntp/logs.WithFields file="/root/goProject/src/cicc/ntp/logs/log.go:28" metrics=systemd-timesyncd sample="exit status 1"
time="2023-04-12T16:00:03+08:00" level=error msg="Time_Service err" func=cicc/ntp/logs.WithFields file="/root/goProject/src/cicc/ntp/logs/log.go:28" metrics=systemd-timesyncd sample="exit status 1"
time="2023-04-12T16:00:18+08:00" level=error msg="Time_Service err" func=cicc/ntp/logs.WithFields file="/root/goProject/src/cicc/ntp/logs/log.go:28" metrics=systemd-timesyncd sample="exit status 1"
time="2023-04-12T16:00:33+08:00" level=error msg="Time_Service err" func=cicc/ntp/logs.WithFields file="/root/goProject/src/cicc/ntp/logs/log.go:28" metrics=systemd-timesyncd sample="exit status 1"
time="2023-04-12T16:00:48+08:00" level=error msg="Time_Service err" func=cicc/ntp/logs.WithFields file="/root/goProject/src/cicc/ntp/logs/log.go:28" metrics=systemd-timesyncd sample="exit status 1"
time="2023-04-12T16:01:03+08:00" level=error msg="Time_Service err" func=cicc/ntp/logs.WithFields file="/root/goProject/src/cicc/ntp/logs/log.go:28" metrics=systemd-timesyncd sample="exit status 1"
time="2023-04-12T16:01:18+08:00" level=error msg="Time_Service err" func=cicc/ntp/logs.WithFields file="/root/goProject/src/cicc/ntp/logs/log.go:28" metrics=systemd-timesyncd sample="exit status 1"
time="2023-04-12T16:01:33+08:00" level=error msg="Time_Service err" func=cicc/ntp/logs.WithFields file="/root/goProject/src/cicc/ntp/logs/log.go:28" metrics=systemd-timesyncd sample="exit status 1"
time="2023-04-12T16:01:48+08:00" level=error msg="Time_Service err" func=cicc/ntp/logs.WithFields file="/root/goProject/src/cicc/ntp/logs/log.go:28" metrics=systemd-timesyncd sample="exit status 1"
time="2023-04-12T16:02:03+08:00" level=error msg="Time_Service err" func=cicc/ntp/logs.WithFields file="/root/goProject/src/cicc/ntp/logs/log.go:28" metrics=systemd-timesyncd sample="exit status 1"
time="2023-04-12T16:02:18+08:00" level=error msg="Time_Service err" func=cicc/ntp/logs.WithFields file="/root/goProject/src/cicc/ntp/logs/log.go:28" metrics=systemd-timesyncd sample="exit status 1"
time="2023-04-12T16:02:33+08:00" level=error msg="Time_Service err" func=cicc/ntp/logs.WithFields file="/root/goProject/src/cicc/ntp/logs/log.go:28" metrics=systemd-timesyncd sample="exit status 1"
time="2023-04-12T16:02:48+08:00" level=error msg="Time_Service err" func=cicc/ntp/logs.WithFields file="/root/goProject/src/cicc/ntp/logs/log.go:28" metrics=systemd-timesyncd sample="exit status 1"
time="2023-04-12T16:03:03+08:00" level=error msg="Time_Service err" func=cicc/ntp/logs.WithFields file="/root/goProject/src/cicc/ntp/logs/log.go:28" metrics=systemd-timesyncd sample="exit status 1"
time="2023-04-12T16:03:18+08:00" level=error msg="Time_Service err" func=cicc/ntp/logs.WithFields file="/root/goProject/src/cicc/ntp/logs/log.go:28" metrics=systemd-timesyncd sample="exit status 1"
time="2023-04-12T16:03:33+08:00" level=error msg="Time_Service err" func=cicc/ntp/logs.WithFields file="/root/goProject/src/cicc/ntp/logs/log.go:28" metrics=systemd-timesyncd sample="exit status 1"
time="2023-04-12T16:03:48+08:00" level=error msg="Time_Service err" func=cicc/ntp/logs.WithFields file="/root/goProject/src/cicc/ntp/logs/log.go:28" metrics=systemd-timesyncd sample="exit status 1"
time="2023-04-12T16:04:03+08:00" level=error msg="Time_Service err" func=cicc/ntp/logs.WithFields file="/root/goProject/src/cicc/ntp/logs/log.go:28" metrics=systemd-timesyncd sample="exit status 1"
time="2023-04-12T16:04:18+08:00" level=error msg="Time_Service err" func=cicc/ntp/logs.WithFields file="/root/goProject/src/cicc/ntp/logs/log.go:28" metrics=systemd-timesyncd sample="exit status 1"
time="2023-04-12T16:04:33+08:00" level=error msg="Time_Service err" func=cicc/ntp/logs.WithFields file="/root/goProject/src/cicc/ntp/logs/log.go:28" metrics=systemd-timesyncd sample="exit status 1"
time="2023-04-12T16:04:48+08:00" level=error msg="Time_Service err" func=cicc/ntp/logs.WithFields file="/root/goProject/src/cicc/ntp/logs/log.go:28" metrics=systemd-timesyncd sample="exit status 1"
time="2023-04-12T16:08:33+08:00" level=error msg="Time_Service err" func=cicc/ntp/logs.WithFields file="/root/goProject/src/cicc/ntp/logs/log.go:29" metrics="重命名文件告警" sample=/etc/systemd/timesyncd.conf
time="2023-04-12T16:08:33+08:00" level=error msg="Time_Service err" func=cicc/ntp/logs.WithFields file="/root/goProject/src/cicc/ntp/logs/log.go:29" metrics="修改文件权限告警" sample=/etc/systemd/timesyncd.conf
time="2023-04-12T16:08:33+08:00" level=error msg="Time_Service err" func=cicc/ntp/logs.WithFields file="/root/goProject/src/cicc/ntp/logs/log.go:29" metrics="删除文件告警" sample=/etc/systemd/timesyncd.conf
time="2023-04-12T16:12:25+08:00" level=error msg="Time_Service err" func=cicc/ntp/logs.WithFields file="/root/goProject/src/cicc/ntp/logs/log.go:29" metrics="重命名文件告警" sample=/etc/systemd/timesyncd.conf
time="2023-04-12T16:12:25+08:00" level=error msg="Time_Service err" func=cicc/ntp/logs.WithFields file="/root/goProject/src/cicc/ntp/logs/log.go:29" metrics="修改文件权限告警" sample=/etc/systemd/timesyncd.conf
time="2023-04-12T16:12:25+08:00" level=error msg="Time_Service err" func=cicc/ntp/logs.WithFields file="/root/goProject/src/cicc/ntp/logs/log.go:29" metrics="删除文件告警" sample=/etc/systemd/timesyncd.conf
time="2023-04-12T16:16:08+08:00" level=error msg="Time_Service err" func=cicc/ntp/logs.WithFields file="/root/goProject/src/cicc/ntp/logs/log.go:29" metrics="重命名文件告警" sample=/etc/systemd/timesyncd.conf
time="2023-04-12T16:16:08+08:00" level=error msg="Time_Service err" func=cicc/ntp/logs.WithFields file="/root/goProject/src/cicc/ntp/logs/log.go:29" metrics="修改文件权限告警" sample=/etc/systemd/timesyncd.conf
time="2023-04-12T16:16:08+08:00" level=error msg="Time_Service err" func=cicc/ntp/logs.WithFields file="/root/goProject/src/cicc/ntp/logs/log.go:29" metrics="删除文件告警" sample=/etc/systemd/timesyncd.conf
time="2023-04-12T16:16:33+08:00" level=error msg="Time_Service err" func=cicc/ntp/logs.WithFields file="/root/goProject/src/cicc/ntp/logs/log.go:29" metrics=systemd-timesyncd sample="exit status 1"
time="2023-04-12T16:16:40+08:00" level=error msg="Time_Service err" func=cicc/ntp/logs.WithFields file="/root/goProject/src/cicc/ntp/logs/log.go:29" metrics=systemd-timesyncd sample="exit status 1"
time="2023-04-12T16:16:40+08:00" level=error msg="Time_Service err" func=cicc/ntp/logs.WithFields file="/root/goProject/src/cicc/ntp/logs/log.go:29" metrics=systemd-timesyncd sample="exit status 1"
time="2023-04-12T16:16:40+08:00" level=error msg="Time_Service err" func=cicc/ntp/logs.WithFields file="/root/goProject/src/cicc/ntp/logs/log.go:29" metrics=systemd-timesyncd sample="exit status 1"
time="2023-04-12T16:16:40+08:00" level=error msg="Time_Service err" func=cicc/ntp/logs.WithFields file="/root/goProject/src/cicc/ntp/logs/log.go:29" metrics=systemd-timesyncd sample="exit status 1"
time="2023-04-12T16:16:41+08:00" level=error msg="Time_Service err" func=cicc/ntp/logs.WithFields file="/root/goProject/src/cicc/ntp/logs/log.go:29" metrics=systemd-timesyncd sample="exit status 1"
time="2023-04-12T16:16:41+08:00" level=error msg="Time_Service err" func=cicc/ntp/logs.WithFields file="/root/goProject/src/cicc/ntp/logs/log.go:29" metrics=systemd-timesyncd sample="exit status 1"
time="2023-04-12T16:16:41+08:00" level=error msg="Time_Service err" func=cicc/ntp/logs.WithFields file="/root/goProject/src/cicc/ntp/logs/log.go:29" metrics=systemd-timesyncd sample="exit status 1"
time="2023-04-12T16:16:41+08:00" level=error msg="Time_Service err" func=cicc/ntp/logs.WithFields file="/root/goProject/src/cicc/ntp/logs/log.go:29" metrics=systemd-timesyncd sample="exit status 1"
time="2023-04-12T16:16:48+08:00" level=error msg="Time_Service err" func=cicc/ntp/logs.WithFields file="/root/goProject/src/cicc/ntp/logs/log.go:29" metrics=systemd-timesyncd sample="exit status 1"
time="2023-04-12T16:17:03+08:00" level=error msg="Time_Service err" func=cicc/ntp/logs.WithFields file="/root/goProject/src/cicc/ntp/logs/log.go:29" metrics=systemd-timesyncd sample="exit status 1"
time="2023-04-12T16:17:18+08:00" level=error msg="Time_Service err" func=cicc/ntp/logs.WithFields file="/root/goProject/src/cicc/ntp/logs/log.go:29" metrics=systemd-timesyncd sample="exit status 1"
time="2023-04-12T16:17:24+08:00" level=error msg="Time_Service err" func=cicc/ntp/logs.WithFields file="/root/goProject/src/cicc/ntp/logs/log.go:29" metrics=systemd-timesyncd sample="exit status 1"
time="2023-04-12T16:17:33+08:00" level=error msg="Time_Service err" func=cicc/ntp/logs.WithFields file="/root/goProject/src/cicc/ntp/logs/log.go:29" metrics=systemd-timesyncd sample="exit status 1"
time="2023-04-12T16:17:48+08:00" level=error msg="Time_Service err" func=cicc/ntp/logs.WithFields file="/root/goProject/src/cicc/ntp/logs/log.go:29" metrics=systemd-timesyncd sample="exit status 1"
time="2023-04-12T16:18:03+08:00" level=error msg="Time_Service err" func=cicc/ntp/logs.WithFields file="/root/goProject/src/cicc/ntp/logs/log.go:29" metrics=systemd-timesyncd sample="exit status 1"
time="2023-04-12T16:18:18+08:00" level=error msg="Time_Service err" func=cicc/ntp/logs.WithFields file="/root/goProject/src/cicc/ntp/logs/log.go:29" metrics=systemd-timesyncd sample="exit status 1"
time="2023-04-12T16:18:33+08:00" level=error msg="Time_Service err" func=cicc/ntp/logs.WithFields file="/root/goProject/src/cicc/ntp/logs/log.go:29" metrics=systemd-timesyncd sample="exit status 1"
time="2023-04-12T16:18:48+08:00" level=error msg="Time_Service err" func=cicc/ntp/logs.WithFields file="/root/goProject/src/cicc/ntp/logs/log.go:29" metrics=systemd-timesyncd sample="exit status 1"
time="2023-04-12T16:19:03+08:00" level=error msg="Time_Service err" func=cicc/ntp/logs.WithFields file="/root/goProject/src/cicc/ntp/logs/log.go:29" metrics=systemd-timesyncd sample="exit status 1"
time="2023-04-12T16:19:18+08:00" level=error msg="Time_Service err" func=cicc/ntp/logs.WithFields file="/root/goProject/src/cicc/ntp/logs/log.go:29" metrics=systemd-timesyncd sample="exit status 1"
time="2023-04-12T16:19:20+08:00" level=error msg="Time_Service err" func=cicc/ntp/logs.WithFields file="/root/goProject/src/cicc/ntp/logs/log.go:29" metrics=systemd-timesyncd sample="exit status 1"
time="2023-04-12T16:19:21+08:00" level=error msg="Time_Service err" func=cicc/ntp/logs.WithFields file="/root/goProject/src/cicc/ntp/logs/log.go:29" metrics=systemd-timesyncd sample="exit status 1"
time="2023-04-12T16:25:12+08:00" level=error msg="Time_Service err" func=cicc/ntp/logs.WithFields file="/root/goProject/src/cicc/ntp/logs/log.go:29" metrics="写入文件告警" sample=/tmp/foo
time="2023-04-12T16:25:12+08:00" level=error msg="Time_Service err" func=cicc/ntp/logs.WithFields file="/root/goProject/src/cicc/ntp/logs/log.go:29" metrics="修改文件权限告警" sample=/tmp/foo
time="2023-04-12T16:26:42+08:00" level=error msg="Time_Service err" func=cicc/ntp/logs.WithFields file="/root/goProject/src/cicc/ntp/logs/log.go:29" metrics="写入文件告警" sample=/tmp/foo
time="2023-04-12T16:26:42+08:00" level=error msg="Time_Service err" func=cicc/ntp/logs.WithFields file="/root/goProject/src/cicc/ntp/logs/log.go:29" metrics="修改文件权限告警" sample=/tmp/foo
time="2023-04-12T16:27:32+08:00" level=error msg="Time_Service err" func=cicc/ntp/logs.WithFields file="/root/goProject/src/cicc/ntp/logs/log.go:29" metrics="写入文件告警" sample=/tmp/foo
time="2023-04-12T16:27:32+08:00" level=error msg="Time_Service err" func=cicc/ntp/logs.WithFields file="/root/goProject/src/cicc/ntp/logs/log.go:29" metrics="修改文件权限告警" sample=/tmp/foo
time="2023-04-12T16:29:52+08:00" level=error msg="Time_Service err" func=cicc/ntp/logs.WithFields file="/root/goProject/src/cicc/ntp/logs/log.go:29" metrics="写入文件告警" sample=/tmp/foo
time="2023-04-12T16:29:52+08:00" level=error msg="Time_Service err" func=cicc/ntp/logs.WithFields file="/root/goProject/src/cicc/ntp/logs/log.go:29" metrics="修改文件权限告警" sample=/tmp/foo
time="2023-04-12T16:38:42+08:00" level=error msg="Time_Service err" func=cicc/ntp/logs.WithFields file="/root/goProject/src/cicc/ntp/logs/log.go:29" metrics="file %s 重命名文件告警\n" sample=/etc/systemd/timesyncd.conf
time="2023-04-12T16:38:42+08:00" level=error msg="Time_Service err" func=cicc/ntp/logs.WithFields file="/root/goProject/src/cicc/ntp/logs/log.go:29" metrics="file %s 修改文件权限告警\n" sample=/etc/systemd/timesyncd.conf
time="2023-04-12T16:38:42+08:00" level=error msg="Time_Service err" func=cicc/ntp/logs.WithFields file="/root/goProject/src/cicc/ntp/logs/log.go:29" metrics="file %s 删除文件告警\n" sample=/etc/systemd/timesyncd.conf
time="2023-04-12T16:39:14+08:00" level=error msg="Time_Service err" func=cicc/ntp/logs.WithFields file="/root/goProject/src/cicc/ntp/logs/log.go:29" metrics="重命名文件告警\n" sample=/etc/systemd/timesyncd.conf
time="2023-04-12T16:39:14+08:00" level=error msg="Time_Service err" func=cicc/ntp/logs.WithFields file="/root/goProject/src/cicc/ntp/logs/log.go:29" metrics="修改文件权限告警\n" sample=/etc/systemd/timesyncd.conf
time="2023-04-12T16:39:14+08:00" level=error msg="Time_Service err" func=cicc/ntp/logs.WithFields file="/root/goProject/src/cicc/ntp/logs/log.go:29" metrics="删除文件告警\n" sample=/etc/systemd/timesyncd.conf
time="2023-04-12T17:37:03+08:00" level=error msg="Time_Service err" func=cicc/ntp/logs.WithFields file="/root/goProject/src/cicc/ntp/logs/log.go:29" metrics=systemd-timesyncd sample="exit status 1"
time="2023-04-12T17:37:18+08:00" level=error msg="Time_Service err" func=cicc/ntp/logs.WithFields file="/root/goProject/src/cicc/ntp/logs/log.go:29" metrics=systemd-timesyncd sample="exit status 1"
time="2023-04-12T17:37:33+08:00" level=error msg="Time_Service err" func=cicc/ntp/logs.WithFields file="/root/goProject/src/cicc/ntp/logs/log.go:29" metrics=systemd-timesyncd sample="exit status 1"
time="2023-04-12T17:37:34+08:00" level=error msg="Time_Service err" func=cicc/ntp/logs.WithFields file="/root/goProject/src/cicc/ntp/logs/log.go:29" metrics="写入文件告警\n" sample=/etc/systemd/timesyncd.conf
time="2023-04-12T17:37:48+08:00" level=error msg="Time_Service err" func=cicc/ntp/logs.WithFields file="/root/goProject/src/cicc/ntp/logs/log.go:29" metrics=systemd-timesyncd sample="exit status 1"
time="2023-04-12T17:38:03+08:00" level=error msg="Time_Service err" func=cicc/ntp/logs.WithFields file="/root/goProject/src/cicc/ntp/logs/log.go:29" metrics=systemd-timesyncd sample="exit status 1"
time="2023-04-12T17:38:18+08:00" level=error msg="Time_Service err" func=cicc/ntp/logs.WithFields file="/root/goProject/src/cicc/ntp/logs/log.go:29" metrics=systemd-timesyncd sample="exit status 1"
time="2023-04-12T17:38:33+08:00" level=error msg="Time_Service err" func=cicc/ntp/logs.WithFields file="/root/goProject/src/cicc/ntp/logs/log.go:29" metrics=systemd-timesyncd sample="exit status 1"
time="2023-04-12T17:38:48+08:00" level=error msg="Time_Service err" func=cicc/ntp/logs.WithFields file="/root/goProject/src/cicc/ntp/logs/log.go:29" metrics=systemd-timesyncd sample="exit status 1"
time="2023-04-12T17:39:03+08:00" level=error msg="Time_Service err" func=cicc/ntp/logs.WithFields file="/root/goProject/src/cicc/ntp/logs/log.go:29" metrics=systemd-timesyncd sample="exit status 1"
time="2023-04-12T17:39:18+08:00" level=error msg="Time_Service err" func=cicc/ntp/logs.WithFields file="/root/goProject/src/cicc/ntp/logs/log.go:29" metrics=systemd-timesyncd sample="exit status 1"
time="2023-04-12T17:39:33+08:00" level=error msg="Time_Service err" func=cicc/ntp/logs.WithFields file="/root/goProject/src/cicc/ntp/logs/log.go:29" metrics=systemd-timesyncd sample="exit status 1"
time="2023-04-12T17:39:48+08:00" level=error msg="Time_Service err" func=cicc/ntp/logs.WithFields file="/root/goProject/src/cicc/ntp/logs/log.go:29" metrics=systemd-timesyncd sample="exit status 1"
time="2023-04-12T17:40:03+08:00" level=error msg="Time_Service err" func=cicc/ntp/logs.WithFields file="/root/goProject/src/cicc/ntp/logs/log.go:29" metrics=systemd-timesyncd sample="exit status 1"
time="2023-04-12T17:40:18+08:00" level=error msg="Time_Service err" func=cicc/ntp/logs.WithFields file="/root/goProject/src/cicc/ntp/logs/log.go:29" metrics=systemd-timesyncd sample="exit status 1"
time="2023-04-12T17:40:33+08:00" level=error msg="Time_Service err" func=cicc/ntp/logs.WithFields file="/root/goProject/src/cicc/ntp/logs/log.go:29" metrics=systemd-timesyncd sample="exit status 1"
time="2023-04-12T17:40:48+08:00" level=error msg="Time_Service err" func=cicc/ntp/logs.WithFields file="/root/goProject/src/cicc/ntp/logs/log.go:29" metrics=systemd-timesyncd sample="exit status 1"
time="2023-04-12T17:41:03+08:00" level=error msg="Time_Service err" func=cicc/ntp/logs.WithFields file="/root/goProject/src/cicc/ntp/logs/log.go:29" metrics=systemd-timesyncd sample="exit status 1"
time="2023-04-12T17:41:18+08:00" level=error msg="Time_Service err" func=cicc/ntp/logs.WithFields file="/root/goProject/src/cicc/ntp/logs/log.go:29" metrics=systemd-timesyncd sample="exit status 1"
time="2023-04-12T17:41:33+08:00" level=error msg="Time_Service err" func=cicc/ntp/logs.WithFields file="/root/goProject/src/cicc/ntp/logs/log.go:29" metrics=systemd-timesyncd sample="exit status 1"
time="2023-04-12T17:41:48+08:00" level=error msg="Time_Service err" func=cicc/ntp/logs.WithFields file="/root/goProject/src/cicc/ntp/logs/log.go:29" metrics=systemd-timesyncd sample="exit status 1"
time="2023-04-12T17:42:03+08:00" level=error msg="Time_Service err" func=cicc/ntp/logs.WithFields file="/root/goProject/src/cicc/ntp/logs/log.go:29" metrics=systemd-timesyncd sample="exit status 1"
time="2023-04-12T17:42:18+08:00" level=error msg="Time_Service err" func=cicc/ntp/logs.WithFields file="/root/goProject/src/cicc/ntp/logs/log.go:29" metrics=systemd-timesyncd sample="exit status 1"
time="2023-04-12T17:42:33+08:00" level=error msg="Time_Service err" func=cicc/ntp/logs.WithFields file="/root/goProject/src/cicc/ntp/logs/log.go:29" metrics=systemd-timesyncd sample="exit status 1"
time="2023-04-12T17:42:48+08:00" level=error msg="Time_Service err" func=cicc/ntp/logs.WithFields file="/root/goProject/src/cicc/ntp/logs/log.go:29" metrics=systemd-timesyncd sample="exit status 1"
time="2023-04-12T17:43:03+08:00" level=error msg="Time_Service err" func=cicc/ntp/logs.WithFields file="/root/goProject/src/cicc/ntp/logs/log.go:29" metrics=systemd-timesyncd sample="exit status 1"
time="2023-04-12T17:43:18+08:00" level=error msg="Time_Service err" func=cicc/ntp/logs.WithFields file="/root/goProject/src/cicc/ntp/logs/log.go:29" metrics=systemd-timesyncd sample="exit status 1"
time="2023-04-12T17:43:33+08:00" level=error msg="Time_Service err" func=cicc/ntp/logs.WithFields file="/root/goProject/src/cicc/ntp/logs/log.go:29" metrics=systemd-timesyncd sample="exit status 1"
time="2023-04-12T17:43:48+08:00" level=error msg="Time_Service err" func=cicc/ntp/logs.WithFields file="/root/goProject/src/cicc/ntp/logs/log.go:29" metrics=systemd-timesyncd sample="exit status 1"
time="2023-04-12T17:44:03+08:00" level=error msg="Time_Service err" func=cicc/ntp/logs.WithFields file="/root/goProject/src/cicc/ntp/logs/log.go:29" metrics=systemd-timesyncd sample="exit status 1"
time="2023-04-12T17:44:18+08:00" level=error msg="Time_Service err" func=cicc/ntp/logs.WithFields file="/root/goProject/src/cicc/ntp/logs/log.go:29" metrics=systemd-timesyncd sample="exit status 1"
time="2023-04-12T17:44:33+08:00" level=error msg="Time_Service err" func=cicc/ntp/logs.WithFields file="/root/goProject/src/cicc/ntp/logs/log.go:29" metrics=systemd-timesyncd sample="exit status 1"
time="2023-04-12T17:44:48+08:00" level=error msg="Time_Service err" func=cicc/ntp/logs.WithFields file="/root/goProject/src/cicc/ntp/logs/log.go:29" metrics=systemd-timesyncd sample="exit status 1"
time="2023-04-12T17:45:03+08:00" level=error msg="Time_Service err" func=cicc/ntp/logs.WithFields file="/root/goProject/src/cicc/ntp/logs/log.go:29" metrics=systemd-timesyncd sample="exit status 1"
time="2023-04-12T17:45:18+08:00" level=error msg="Time_Service err" func=cicc/ntp/logs.WithFields file="/root/goProject/src/cicc/ntp/logs/log.go:29" metrics=systemd-timesyncd sample="exit status 1"
time="2023-04-12T17:45:33+08:00" level=error msg="Time_Service err" func=cicc/ntp/logs.WithFields file="/root/goProject/src/cicc/ntp/logs/log.go:29" metrics=systemd-timesyncd sample="exit status 1"
time="2023-04-12T17:45:48+08:00" level=error msg="Time_Service err" func=cicc/ntp/logs.WithFields file="/root/goProject/src/cicc/ntp/logs/log.go:29" metrics=systemd-timesyncd sample="exit status 1"
time="2023-04-12T17:46:03+08:00" level=error msg="Time_Service err" func=cicc/ntp/logs.WithFields file="/root/goProject/src/cicc/ntp/logs/log.go:29" metrics=systemd-timesyncd sample="exit status 1"
time="2023-04-12T17:46:18+08:00" level=error msg="Time_Service err" func=cicc/ntp/logs.WithFields file="/root/goProject/src/cicc/ntp/logs/log.go:29" metrics=systemd-timesyncd sample="exit status 1"
time="2023-04-12T17:46:33+08:00" level=error msg="Time_Service err" func=cicc/ntp/logs.WithFields file="/root/goProject/src/cicc/ntp/logs/log.go:29" metrics=systemd-timesyncd sample="exit status 1"
time="2023-04-12T17:46:48+08:00" level=error msg="Time_Service err" func=cicc/ntp/logs.WithFields file="/root/goProject/src/cicc/ntp/logs/log.go:29" metrics=systemd-timesyncd sample="exit status 1"
time="2023-04-12T17:47:03+08:00" level=error msg="Time_Service err" func=cicc/ntp/logs.WithFields file="/root/goProject/src/cicc/ntp/logs/log.go:29" metrics=systemd-timesyncd sample="exit status 1"
time="2023-04-12T17:47:18+08:00" level=error msg="Time_Service err" func=cicc/ntp/logs.WithFields file="/root/goProject/src/cicc/ntp/logs/log.go:29" metrics=systemd-timesyncd sample="exit status 1"
time="2023-04-12T17:47:33+08:00" level=error msg="Time_Service err" func=cicc/ntp/logs.WithFields file="/root/goProject/src/cicc/ntp/logs/log.go:29" metrics=systemd-timesyncd sample="exit status 1"
time="2023-04-12T17:47:48+08:00" level=error msg="Time_Service err" func=cicc/ntp/logs.WithFields file="/root/goProject/src/cicc/ntp/logs/log.go:29" metrics=systemd-timesyncd sample="exit status 1"
time="2023-04-12T17:48:03+08:00" level=error msg="Time_Service err" func=cicc/ntp/logs.WithFields file="/root/goProject/src/cicc/ntp/logs/log.go:29" metrics=systemd-timesyncd sample="exit status 1"
time="2023-04-12T17:48:18+08:00" level=error msg="Time_Service err" func=cicc/ntp/logs.WithFields file="/root/goProject/src/cicc/ntp/logs/log.go:29" metrics=systemd-timesyncd sample="exit status 1"
time="2023-04-12T17:48:33+08:00" level=error msg="Time_Service err" func=cicc/ntp/logs.WithFields file="/root/goProject/src/cicc/ntp/logs/log.go:29" metrics=systemd-timesyncd sample="exit status 1"
time="2023-04-12T17:48:48+08:00" level=error msg="Time_Service err" func=cicc/ntp/logs.WithFields file="/root/goProject/src/cicc/ntp/logs/log.go:29" metrics=systemd-timesyncd sample="exit status 1"
time="2023-04-12T17:49:03+08:00" level=error msg="Time_Service err" func=cicc/ntp/logs.WithFields file="/root/goProject/src/cicc/ntp/logs/log.go:29" metrics=systemd-timesyncd sample="exit status 1"
time="2023-04-12T17:49:18+08:00" level=error msg="Time_Service err" func=cicc/ntp/logs.WithFields file="/root/goProject/src/cicc/ntp/logs/log.go:29" metrics=systemd-timesyncd sample="exit status 1"
time="2023-04-13T09:26:34+08:00" level=error msg="Time_Service err" func=cicc/ntp/logs.WithFields file="/root/goProject/src/cicc/ntp/logs/log.go:29" metrics=systemd-timesyncd sample="exit status 1"
time="2023-04-13T09:26:49+08:00" level=error msg="Time_Service err" func=cicc/ntp/logs.WithFields file="/root/goProject/src/cicc/ntp/logs/log.go:29" metrics=systemd-timesyncd sample="exit status 1"
time="2023-04-13T09:27:04+08:00" level=error msg="Time_Service err" func=cicc/ntp/logs.WithFields file="/root/goProject/src/cicc/ntp/logs/log.go:29" metrics=systemd-timesyncd sample="exit status 1"
time="2023-04-13T09:27:19+08:00" level=error msg="Time_Service err" func=cicc/ntp/logs.WithFields file="/root/goProject/src/cicc/ntp/logs/log.go:29" metrics=systemd-timesyncd sample="exit status 1"
time="2023-04-13T09:27:34+08:00" level=error msg="Time_Service err" func=cicc/ntp/logs.WithFields file="/root/goProject/src/cicc/ntp/logs/log.go:29" metrics=systemd-timesyncd sample="exit status 1"
time="2023-04-13T09:27:49+08:00" level=error msg="Time_Service err" func=cicc/ntp/logs.WithFields file="/root/goProject/src/cicc/ntp/logs/log.go:29" metrics=systemd-timesyncd sample="exit status 1"
time="2023-04-13T09:28:04+08:00" level=error msg="Time_Service err" func=cicc/ntp/logs.WithFields file="/root/goProject/src/cicc/ntp/logs/log.go:29" metrics=systemd-timesyncd sample="exit status 1"
time="2023-04-13T09:28:19+08:00" level=error msg="Time_Service err" func=cicc/ntp/logs.WithFields file="/root/goProject/src/cicc/ntp/logs/log.go:29" metrics=systemd-timesyncd sample="exit status 1"
time="2023-04-13T09:28:34+08:00" level=error msg="Time_Service err" func=cicc/ntp/logs.WithFields file="/root/goProject/src/cicc/ntp/logs/log.go:29" metrics=systemd-timesyncd sample="exit status 1"
time="2023-04-13T09:28:49+08:00" level=error msg="Time_Service err" func=cicc/ntp/logs.WithFields file="/root/goProject/src/cicc/ntp/logs/log.go:29" metrics=systemd-timesyncd sample="exit status 1"
time="2023-04-13T09:29:04+08:00" level=error msg="Time_Service err" func=cicc/ntp/logs.WithFields file="/root/goProject/src/cicc/ntp/logs/log.go:29" metrics=systemd-timesyncd sample="exit status 1"
time="2023-04-13T09:29:19+08:00" level=error msg="Time_Service err" func=cicc/ntp/logs.WithFields file="/root/goProject/src/cicc/ntp/logs/log.go:29" metrics=systemd-timesyncd sample="exit status 1"
time="2023-04-13T09:29:34+08:00" level=error msg="Time_Service err" func=cicc/ntp/logs.WithFields file="/root/goProject/src/cicc/ntp/logs/log.go:29" metrics=systemd-timesyncd sample="exit status 1"
time="2023-04-13T09:29:49+08:00" level=error msg="Time_Service err" func=cicc/ntp/logs.WithFields file="/root/goProject/src/cicc/ntp/logs/log.go:29" metrics=systemd-timesyncd sample="exit status 1"
time="2023-04-13T09:30:04+08:00" level=error msg="Time_Service err" func=cicc/ntp/logs.WithFields file="/root/goProject/src/cicc/ntp/logs/log.go:29" metrics=systemd-timesyncd sample="exit status 1"
time="2023-04-13T09:30:19+08:00" level=error msg="Time_Service err" func=cicc/ntp/logs.WithFields file="/root/goProject/src/cicc/ntp/logs/log.go:29" metrics=systemd-timesyncd sample="exit status 1"
time="2023-04-13T09:30:34+08:00" level=error msg="Time_Service err" func=cicc/ntp/logs.WithFields file="/root/goProject/src/cicc/ntp/logs/log.go:29" metrics=systemd-timesyncd sample="exit status 1"
time="2023-04-13T09:30:49+08:00" level=error msg="Time_Service err" func=cicc/ntp/logs.WithFields file="/root/goProject/src/cicc/ntp/logs/log.go:29" metrics=systemd-timesyncd sample="exit status 1"
time="2023-04-13T09:31:04+08:00" level=error msg="Time_Service err" func=cicc/ntp/logs.WithFields file="/root/goProject/src/cicc/ntp/logs/log.go:29" metrics=systemd-timesyncd sample="exit status 1"
time="2023-04-13T09:31:19+08:00" level=error msg="Time_Service err" func=cicc/ntp/logs.WithFields file="/root/goProject/src/cicc/ntp/logs/log.go:29" metrics=systemd-timesyncd sample="exit status 1"
time="2023-04-13T09:31:34+08:00" level=error msg="Time_Service err" func=cicc/ntp/logs.WithFields file="/root/goProject/src/cicc/ntp/logs/log.go:29" metrics=systemd-timesyncd sample="exit status 1"
time="2023-04-13T09:31:49+08:00" level=error msg="Time_Service err" func=cicc/ntp/logs.WithFields file="/root/goProject/src/cicc/ntp/logs/log.go:29" metrics=systemd-timesyncd sample="exit status 1"
time="2023-04-13T09:32:04+08:00" level=error msg="Time_Service err" func=cicc/ntp/logs.WithFields file="/root/goProject/src/cicc/ntp/logs/log.go:29" metrics=systemd-timesyncd sample="exit status 1"
time="2023-04-13T09:32:19+08:00" level=error msg="Time_Service err" func=cicc/ntp/logs.WithFields file="/root/goProject/src/cicc/ntp/logs/log.go:29" metrics=systemd-timesyncd sample="exit status 1"
time="2023-04-13T09:32:34+08:00" level=error msg="Time_Service err" func=cicc/ntp/logs.WithFields file="/root/goProject/src/cicc/ntp/logs/log.go:29" metrics=systemd-timesyncd sample="exit status 1"
time="2023-04-13T09:32:49+08:00" level=error msg="Time_Service err" func=cicc/ntp/logs.WithFields file="/root/goProject/src/cicc/ntp/logs/log.go:29" metrics=systemd-timesyncd sample="exit status 1"
time="2023-04-13T09:33:04+08:00" level=error msg="Time_Service err" func=cicc/ntp/logs.WithFields file="/root/goProject/src/cicc/ntp/logs/log.go:29" metrics=systemd-timesyncd sample="exit status 1"
time="2023-04-13T09:33:19+08:00" level=error msg="Time_Service err" func=cicc/ntp/logs.WithFields file="/root/goProject/src/cicc/ntp/logs/log.go:29" metrics=systemd-timesyncd sample="exit status 1"
time="2023-04-13T09:33:34+08:00" level=error msg="Time_Service err" func=cicc/ntp/logs.WithFields file="/root/goProject/src/cicc/ntp/logs/log.go:29" metrics=systemd-timesyncd sample="exit status 1"
time="2023-04-13T09:33:49+08:00" level=error msg="Time_Service err" func=cicc/ntp/logs.WithFields file="/root/goProject/src/cicc/ntp/logs/log.go:29" metrics=systemd-timesyncd sample="exit status 1"
time="2023-04-13T09:34:04+08:00" level=error msg="Time_Service err" func=cicc/ntp/logs.WithFields file="/root/goProject/src/cicc/ntp/logs/log.go:29" metrics=systemd-timesyncd sample="exit status 1"
time="2023-04-13T09:34:19+08:00" level=error msg="Time_Service err" func=cicc/ntp/logs.WithFields file="/root/goProject/src/cicc/ntp/logs/log.go:29" metrics=systemd-timesyncd sample="exit status 1"
time="2023-04-13T09:34:34+08:00" level=error msg="Time_Service err" func=cicc/ntp/logs.WithFields file="/root/goProject/src/cicc/ntp/logs/log.go:29" metrics=systemd-timesyncd sample="exit status 1"
time="2023-04-13T09:34:49+08:00" level=error msg="Time_Service err" func=cicc/ntp/logs.WithFields file="/root/goProject/src/cicc/ntp/logs/log.go:29" metrics=systemd-timesyncd sample="exit status 1"
time="2023-04-13T09:35:04+08:00" level=error msg="Time_Service err" func=cicc/ntp/logs.WithFields file="/root/goProject/src/cicc/ntp/logs/log.go:29" metrics=systemd-timesyncd sample="exit status 1"
time="2023-04-13T09:35:19+08:00" level=error msg="Time_Service err" func=cicc/ntp/logs.WithFields file="/root/goProject/src/cicc/ntp/logs/log.go:29" metrics=systemd-timesyncd sample="exit status 1"
time="2023-04-13T09:35:34+08:00" level=error msg="Time_Service err" func=cicc/ntp/logs.WithFields file="/root/goProject/src/cicc/ntp/logs/log.go:29" metrics=systemd-timesyncd sample="exit status 1"
time="2023-04-13T09:35:49+08:00" level=error msg="Time_Service err" func=cicc/ntp/logs.WithFields file="/root/goProject/src/cicc/ntp/logs/log.go:29" metrics=systemd-timesyncd sample="exit status 1"
time="2023-04-13T09:36:04+08:00" level=error msg="Time_Service err" func=cicc/ntp/logs.WithFields file="/root/goProject/src/cicc/ntp/logs/log.go:29" metrics=systemd-timesyncd sample="exit status 1"
time="2023-04-13T09:36:19+08:00" level=error msg="Time_Service err" func=cicc/ntp/logs.WithFields file="/root/goProject/src/cicc/ntp/logs/log.go:29" metrics=systemd-timesyncd sample="exit status 1"
time="2023-04-13T09:36:34+08:00" level=error msg="Time_Service err" func=cicc/ntp/logs.WithFields file="/root/goProject/src/cicc/ntp/logs/log.go:29" metrics=systemd-timesyncd sample="exit status 1"
time="2023-04-13T09:36:49+08:00" level=error msg="Time_Service err" func=cicc/ntp/logs.WithFields file="/root/goProject/src/cicc/ntp/logs/log.go:29" metrics=systemd-timesyncd sample="exit status 1"
time="2023-04-13T09:37:04+08:00" level=error msg="Time_Service err" func=cicc/ntp/logs.WithFields file="/root/goProject/src/cicc/ntp/logs/log.go:29" metrics=systemd-timesyncd sample="exit status 1"
time="2023-04-13T09:37:19+08:00" level=error msg="Time_Service err" func=cicc/ntp/logs.WithFields file="/root/goProject/src/cicc/ntp/logs/log.go:29" metrics=systemd-timesyncd sample="exit status 1"
time="2023-04-13T09:37:34+08:00" level=error msg="Time_Service err" func=cicc/ntp/logs.WithFields file="/root/goProject/src/cicc/ntp/logs/log.go:29" metrics=systemd-timesyncd sample="exit status 1"
time="2023-04-13T09:37:49+08:00" level=error msg="Time_Service err" func=cicc/ntp/logs.WithFields file="/root/goProject/src/cicc/ntp/logs/log.go:29" metrics=systemd-timesyncd sample="exit status 1"
time="2023-04-13T09:38:04+08:00" level=error msg="Time_Service err" func=cicc/ntp/logs.WithFields file="/root/goProject/src/cicc/ntp/logs/log.go:29" metrics=systemd-timesyncd sample="exit status 1"
time="2023-04-13T09:38:19+08:00" level=error msg="Time_Service err" func=cicc/ntp/logs.WithFields file="/root/goProject/src/cicc/ntp/logs/log.go:29" metrics=systemd-timesyncd sample="exit status 1"
time="2023-04-13T09:38:34+08:00" level=error msg="Time_Service err" func=cicc/ntp/logs.WithFields file="/root/goProject/src/cicc/ntp/logs/log.go:29" metrics=systemd-timesyncd sample="exit status 1"
time="2023-04-13T09:38:49+08:00" level=error msg="Time_Service err" func=cicc/ntp/logs.WithFields file="/root/goProject/src/cicc/ntp/logs/log.go:29" metrics=systemd-timesyncd sample="exit status 1"
time="2023-04-13T09:39:04+08:00" level=error msg="Time_Service err" func=cicc/ntp/logs.WithFields file="/root/goProject/src/cicc/ntp/logs/log.go:29" metrics=systemd-timesyncd sample="exit status 1"
time="2023-04-13T09:39:19+08:00" level=error msg="Time_Service err" func=cicc/ntp/logs.WithFields file="/root/goProject/src/cicc/ntp/logs/log.go:29" metrics=systemd-timesyncd sample="exit status 1"
time="2023-04-13T09:39:34+08:00" level=error msg="Time_Service err" func=cicc/ntp/logs.WithFields file="/root/goProject/src/cicc/ntp/logs/log.go:29" metrics=systemd-timesyncd sample="exit status 1"
time="2023-04-13T09:39:49+08:00" level=error msg="Time_Service err" func=cicc/ntp/logs.WithFields file="/root/goProject/src/cicc/ntp/logs/log.go:29" metrics=systemd-timesyncd sample="exit status 1"
time="2023-04-13T09:40:04+08:00" level=error msg="Time_Service err" func=cicc/ntp/logs.WithFields file="/root/goProject/src/cicc/ntp/logs/log.go:29" metrics=systemd-timesyncd sample="exit status 1"
time="2023-04-13T09:40:19+08:00" level=error msg="Time_Service err" func=cicc/ntp/logs.WithFields file="/root/goProject/src/cicc/ntp/logs/log.go:29" metrics=systemd-timesyncd sample="exit status 1"
time="2023-04-13T09:40:34+08:00" level=error msg="Time_Service err" func=cicc/ntp/logs.WithFields file="/root/goProject/src/cicc/ntp/logs/log.go:29" metrics=systemd-timesyncd sample="exit status 1"
time="2023-04-13T09:40:49+08:00" level=error msg="Time_Service err" func=cicc/ntp/logs.WithFields file="/root/goProject/src/cicc/ntp/logs/log.go:29" metrics=systemd-timesyncd sample="exit status 1"
time="2023-04-13T09:41:04+08:00" level=error msg="Time_Service err" func=cicc/ntp/logs.WithFields file="/root/goProject/src/cicc/ntp/logs/log.go:29" metrics=systemd-timesyncd sample="exit status 1"
time="2023-04-13T09:41:19+08:00" level=error msg="Time_Service err" func=cicc/ntp/logs.WithFields file="/root/goProject/src/cicc/ntp/logs/log.go:29" metrics=systemd-timesyncd sample="exit status 1"
time="2023-04-13T09:41:34+08:00" level=error msg="Time_Service err" func=cicc/ntp/logs.WithFields file="/root/goProject/src/cicc/ntp/logs/log.go:29" metrics=systemd-timesyncd sample="exit status 1"
time="2023-04-13T09:41:49+08:00" level=error msg="Time_Service err" func=cicc/ntp/logs.WithFields file="/root/goProject/src/cicc/ntp/logs/log.go:29" metrics=systemd-timesyncd sample="exit status 1"
time="2023-04-13T09:42:04+08:00" level=error msg="Time_Service err" func=cicc/ntp/logs.WithFields file="/root/goProject/src/cicc/ntp/logs/log.go:29" metrics=systemd-timesyncd sample="exit status 1"
time="2023-04-13T09:42:19+08:00" level=error msg="Time_Service err" func=cicc/ntp/logs.WithFields file="/root/goProject/src/cicc/ntp/logs/log.go:29" metrics=systemd-timesyncd sample="exit status 1"
time="2023-04-13T09:42:34+08:00" level=error msg="Time_Service err" func=cicc/ntp/logs.WithFields file="/root/goProject/src/cicc/ntp/logs/log.go:29" metrics=systemd-timesyncd sample="exit status 1"
time="2023-04-13T09:42:49+08:00" level=error msg="Time_Service err" func=cicc/ntp/logs.WithFields file="/root/goProject/src/cicc/ntp/logs/log.go:29" metrics=systemd-timesyncd sample="exit status 1"
time="2023-04-13T09:43:04+08:00" level=error msg="Time_Service err" func=cicc/ntp/logs.WithFields file="/root/goProject/src/cicc/ntp/logs/log.go:29" metrics=systemd-timesyncd sample="exit status 1"
time="2023-04-13T09:43:19+08:00" level=error msg="Time_Service err" func=cicc/ntp/logs.WithFields file="/root/goProject/src/cicc/ntp/logs/log.go:29" metrics=systemd-timesyncd sample="exit status 1"
time="2023-04-13T09:43:34+08:00" level=error msg="Time_Service err" func=cicc/ntp/logs.WithFields file="/root/goProject/src/cicc/ntp/logs/log.go:29" metrics=systemd-timesyncd sample="exit status 1"
time="2023-04-13T09:43:49+08:00" level=error msg="Time_Service err" func=cicc/ntp/logs.WithFields file="/root/goProject/src/cicc/ntp/logs/log.go:29" metrics=systemd-timesyncd sample="exit status 1"
time="2023-04-13T09:44:04+08:00" level=error msg="Time_Service err" func=cicc/ntp/logs.WithFields file="/root/goProject/src/cicc/ntp/logs/log.go:29" metrics=systemd-timesyncd sample="exit status 1"
time="2023-04-13T09:44:19+08:00" level=error msg="Time_Service err" func=cicc/ntp/logs.WithFields file="/root/goProject/src/cicc/ntp/logs/log.go:29" metrics=systemd-timesyncd sample="exit status 1"
time="2023-04-13T09:44:34+08:00" level=error msg="Time_Service err" func=cicc/ntp/logs.WithFields file="/root/goProject/src/cicc/ntp/logs/log.go:29" metrics=systemd-timesyncd sample="exit status 1"
time="2023-04-13T09:44:49+08:00" level=error msg="Time_Service err" func=cicc/ntp/logs.WithFields file="/root/goProject/src/cicc/ntp/logs/log.go:29" metrics=systemd-timesyncd sample="exit status 1"
time="2023-04-13T09:45:04+08:00" level=error msg="Time_Service err" func=cicc/ntp/logs.WithFields file="/root/goProject/src/cicc/ntp/logs/log.go:29" metrics=systemd-timesyncd sample="exit status 1"
time="2023-04-13T09:45:19+08:00" level=error msg="Time_Service err" func=cicc/ntp/logs.WithFields file="/root/goProject/src/cicc/ntp/logs/log.go:29" metrics=systemd-timesyncd sample="exit status 1"
time="2023-04-13T09:45:34+08:00" level=error msg="Time_Service err" func=cicc/ntp/logs.WithFields file="/root/goProject/src/cicc/ntp/logs/log.go:29" metrics=systemd-timesyncd sample="exit status 1"
time="2023-04-13T09:45:49+08:00" level=error msg="Time_Service err" func=cicc/ntp/logs.WithFields file="/root/goProject/src/cicc/ntp/logs/log.go:29" metrics=systemd-timesyncd sample="exit status 1"
time="2023-04-13T09:46:04+08:00" level=error msg="Time_Service err" func=cicc/ntp/logs.WithFields file="/root/goProject/src/cicc/ntp/logs/log.go:29" metrics=systemd-timesyncd sample="exit status 1"
time="2023-04-13T09:46:19+08:00" level=error msg="Time_Service err" func=cicc/ntp/logs.WithFields file="/root/goProject/src/cicc/ntp/logs/log.go:29" metrics=systemd-timesyncd sample="exit status 1"
time="2023-04-13T09:46:34+08:00" level=error msg="Time_Service err" func=cicc/ntp/logs.WithFields file="/root/goProject/src/cicc/ntp/logs/log.go:29" metrics=systemd-timesyncd sample="exit status 1"
time="2023-04-13T09:46:49+08:00" level=error msg="Time_Service err" func=cicc/ntp/logs.WithFields file="/root/goProject/src/cicc/ntp/logs/log.go:29" metrics=systemd-timesyncd sample="exit status 1"
time="2023-04-13T09:47:04+08:00" level=error msg="Time_Service err" func=cicc/ntp/logs.WithFields file="/root/goProject/src/cicc/ntp/logs/log.go:29" metrics=systemd-timesyncd sample="exit status 1"
time="2023-04-13T09:47:19+08:00" level=error msg="Time_Service err" func=cicc/ntp/logs.WithFields file="/root/goProject/src/cicc/ntp/logs/log.go:29" metrics=systemd-timesyncd sample="exit status 1"
time="2023-04-13T09:47:34+08:00" level=error msg="Time_Service err" func=cicc/ntp/logs.WithFields file="/root/goProject/src/cicc/ntp/logs/log.go:29" metrics=systemd-timesyncd sample="exit status 1"
time="2023-04-13T09:47:49+08:00" level=error msg="Time_Service err" func=cicc/ntp/logs.WithFields file="/root/goProject/src/cicc/ntp/logs/log.go:29" metrics=systemd-timesyncd sample="exit status 1"
time="2023-04-13T09:48:04+08:00" level=error msg="Time_Service err" func=cicc/ntp/logs.WithFields file="/root/goProject/src/cicc/ntp/logs/log.go:29" metrics=systemd-timesyncd sample="exit status 1"
time="2023-04-13T09:48:19+08:00" level=error msg="Time_Service err" func=cicc/ntp/logs.WithFields file="/root/goProject/src/cicc/ntp/logs/log.go:29" metrics=systemd-timesyncd sample="exit status 1"
time="2023-04-13T09:48:34+08:00" level=error msg="Time_Service err" func=cicc/ntp/logs.WithFields file="/root/goProject/src/cicc/ntp/logs/log.go:29" metrics=systemd-timesyncd sample="exit status 1"
time="2023-04-13T09:48:49+08:00" level=error msg="Time_Service err" func=cicc/ntp/logs.WithFields file="/root/goProject/src/cicc/ntp/logs/log.go:29" metrics=systemd-timesyncd sample="exit status 1"
time="2023-04-13T09:49:04+08:00" level=error msg="Time_Service err" func=cicc/ntp/logs.WithFields file="/root/goProject/src/cicc/ntp/logs/log.go:29" metrics=systemd-timesyncd sample="exit status 1"
time="2023-04-13T09:49:19+08:00" level=error msg="Time_Service err" func=cicc/ntp/logs.WithFields file="/root/goProject/src/cicc/ntp/logs/log.go:29" metrics=systemd-timesyncd sample="exit status 1"
time="2023-04-13T09:49:34+08:00" level=error msg="Time_Service err" func=cicc/ntp/logs.WithFields file="/root/goProject/src/cicc/ntp/logs/log.go:29" metrics=systemd-timesyncd sample="exit status 1"
time="2023-04-13T09:49:49+08:00" level=error msg="Time_Service err" func=cicc/ntp/logs.WithFields file="/root/goProject/src/cicc/ntp/logs/log.go:29" metrics=systemd-timesyncd sample="exit status 1"
time="2023-04-13T09:50:04+08:00" level=error msg="Time_Service err" func=cicc/ntp/logs.WithFields file="/root/goProject/src/cicc/ntp/logs/log.go:29" metrics=systemd-timesyncd sample="exit status 1"
time="2023-04-13T09:50:19+08:00" level=error msg="Time_Service err" func=cicc/ntp/logs.WithFields file="/root/goProject/src/cicc/ntp/logs/log.go:29" metrics=systemd-timesyncd sample="exit status 1"
time="2023-04-13T09:50:34+08:00" level=error msg="Time_Service err" func=cicc/ntp/logs.WithFields file="/root/goProject/src/cicc/ntp/logs/log.go:29" metrics=systemd-timesyncd sample="exit status 1"
time="2023-04-13T09:50:49+08:00" level=error msg="Time_Service err" func=cicc/ntp/logs.WithFields file="/root/goProject/src/cicc/ntp/logs/log.go:29" metrics=systemd-timesyncd sample="exit status 1"
time="2023-04-13T09:51:04+08:00" level=error msg="Time_Service err" func=cicc/ntp/logs.WithFields file="/root/goProject/src/cicc/ntp/logs/log.go:29" metrics=systemd-timesyncd sample="exit status 1"
time="2023-04-13T09:51:19+08:00" level=error msg="Time_Service err" func=cicc/ntp/logs.WithFields file="/root/goProject/src/cicc/ntp/logs/log.go:29" metrics=systemd-timesyncd sample="exit status 1"
time="2023-04-13T09:51:34+08:00" level=error msg="Time_Service err" func=cicc/ntp/logs.WithFields file="/root/goProject/src/cicc/ntp/logs/log.go:29" metrics=systemd-timesyncd sample="exit status 1"
time="2023-04-13T09:51:49+08:00" level=error msg="Time_Service err" func=cicc/ntp/logs.WithFields file="/root/goProject/src/cicc/ntp/logs/log.go:29" metrics=systemd-timesyncd sample="exit status 1"
time="2023-04-13T09:52:04+08:00" level=error msg="Time_Service err" func=cicc/ntp/logs.WithFields file="/root/goProject/src/cicc/ntp/logs/log.go:29" metrics=systemd-timesyncd sample="exit status 1"
time="2023-04-13T09:52:19+08:00" level=error msg="Time_Service err" func=cicc/ntp/logs.WithFields file="/root/goProject/src/cicc/ntp/logs/log.go:29" metrics=systemd-timesyncd sample="exit status 1"
time="2023-04-13T09:52:34+08:00" level=error msg="Time_Service err" func=cicc/ntp/logs.WithFields file="/root/goProject/src/cicc/ntp/logs/log.go:29" metrics=systemd-timesyncd sample="exit status 1"
time="2023-04-13T09:52:49+08:00" level=error msg="Time_Service err" func=cicc/ntp/logs.WithFields file="/root/goProject/src/cicc/ntp/logs/log.go:29" metrics=systemd-timesyncd sample="exit status 1"
time="2023-04-13T09:53:04+08:00" level=error msg="Time_Service err" func=cicc/ntp/logs.WithFields file="/root/goProject/src/cicc/ntp/logs/log.go:29" metrics=systemd-timesyncd sample="exit status 1"
time="2023-04-13T09:53:19+08:00" level=error msg="Time_Service err" func=cicc/ntp/logs.WithFields file="/root/goProject/src/cicc/ntp/logs/log.go:29" metrics=systemd-timesyncd sample="exit status 1"
time="2023-04-13T09:53:34+08:00" level=error msg="Time_Service err" func=cicc/ntp/logs.WithFields file="/root/goProject/src/cicc/ntp/logs/log.go:29" metrics=systemd-timesyncd sample="exit status 1"
time="2023-04-13T09:53:49+08:00" level=error msg="Time_Service err" func=cicc/ntp/logs.WithFields file="/root/goProject/src/cicc/ntp/logs/log.go:29" metrics=systemd-timesyncd sample="exit status 1"
time="2023-04-13T09:54:04+08:00" level=error msg="Time_Service err" func=cicc/ntp/logs.WithFields file="/root/goProject/src/cicc/ntp/logs/log.go:29" metrics=systemd-timesyncd sample="exit status 1"
